d:\oschina\stochastictransparency\nvidia direct3d sdk 11 code samples\source\stochastictransparency\x64\release\vc140.pdb
d:\oschina\stochastictransparency\nvidia direct3d sdk 11 code samples\source\stochastictransparency\x64\release\main.obj
d:\oschina\stochastictransparency\nvidia direct3d sdk 11 code samples\source\stochastictransparency\basetechnique_fullscreentrianglevs.h
d:\oschina\stochastictransparency\nvidia direct3d sdk 11 code samples\source\stochastictransparency\basetechnique_geometryvs.h
d:\oschina\stochastictransparency\nvidia direct3d sdk 11 code samples\source\stochastictransparency\dualdepthpeeling_ddpblendingps.h
d:\oschina\stochastictransparency\nvidia direct3d sdk 11 code samples\source\stochastictransparency\dualdepthpeeling_ddpdepthpeelps.h
d:\oschina\stochastictransparency\nvidia direct3d sdk 11 code samples\source\stochastictransparency\dualdepthpeeling_ddpfinalps.h
d:\oschina\stochastictransparency\nvidia direct3d sdk 11 code samples\source\stochastictransparency\dualdepthpeeling_ddpfirstpassps.h
d:\oschina\stochastictransparency\nvidia direct3d sdk 11 code samples\source\stochastictransparency\plainalphablending_finalps.h
d:\oschina\stochastictransparency\nvidia direct3d sdk 11 code samples\source\stochastictransparency\plainalphablending_shadingps.h
d:\oschina\stochastictransparency\nvidia direct3d sdk 11 code samples\source\stochastictransparency\stochastictransparency_accumulateandtotalalphaps.h
d:\oschina\stochastictransparency\nvidia direct3d sdk 11 code samples\source\stochastictransparency\stochastictransparency_compositeps.h
d:\oschina\stochastictransparency\nvidia direct3d sdk 11 code samples\source\stochastictransparency\stochastictransparency_stochasticdepthps.h
d:\oschina\stochastictransparency\nvidia direct3d sdk 11 code samples\source\x64\release\stochastictransparency.exe
d:\oschina\stochastictransparency\nvidia direct3d sdk 11 code samples\source\x64\release\stochastictransparency.pdb
d:\oschina\stochastictransparency\nvidia direct3d sdk 11 code samples\source\stochastictransparency\x64\release\oit.res
d:\oschina\stochastictransparency\nvidia direct3d sdk 11 code samples\source\stochastictransparency\x64\release\stochast.23f43ed8.tlog\cl.command.1.tlog
d:\oschina\stochastictransparency\nvidia direct3d sdk 11 code samples\source\stochastictransparency\x64\release\stochast.23f43ed8.tlog\cl.read.1.tlog
d:\oschina\stochastictransparency\nvidia direct3d sdk 11 code samples\source\stochastictransparency\x64\release\stochast.23f43ed8.tlog\cl.write.1.tlog
d:\oschina\stochastictransparency\nvidia direct3d sdk 11 code samples\source\stochastictransparency\x64\release\stochast.23f43ed8.tlog\fxc.command.1.tlog
d:\oschina\stochastictransparency\nvidia direct3d sdk 11 code samples\source\stochastictransparency\x64\release\stochast.23f43ed8.tlog\fxc.read.1.tlog
d:\oschina\stochastictransparency\nvidia direct3d sdk 11 code samples\source\stochastictransparency\x64\release\stochast.23f43ed8.tlog\fxc.write.1.tlog
d:\oschina\stochastictransparency\nvidia direct3d sdk 11 code samples\source\stochastictransparency\x64\release\stochast.23f43ed8.tlog\link.command.1.tlog
d:\oschina\stochastictransparency\nvidia direct3d sdk 11 code samples\source\stochastictransparency\x64\release\stochast.23f43ed8.tlog\link.read.1.tlog
d:\oschina\stochastictransparency\nvidia direct3d sdk 11 code samples\source\stochastictransparency\x64\release\stochast.23f43ed8.tlog\link.write.1.tlog
d:\oschina\stochastictransparency\nvidia direct3d sdk 11 code samples\source\stochastictransparency\x64\release\stochast.23f43ed8.tlog\rc.command.1.tlog
d:\oschina\stochastictransparency\nvidia direct3d sdk 11 code samples\source\stochastictransparency\x64\release\stochast.23f43ed8.tlog\rc.read.1.tlog
d:\oschina\stochastictransparency\nvidia direct3d sdk 11 code samples\source\stochastictransparency\x64\release\stochast.23f43ed8.tlog\rc.write.1.tlog
d:\oschina\stochastictransparency\nvidia direct3d sdk 11 code samples\source\stochastictransparency\x64\release\stochast.23f43ed8.tlog\stochastictransparency.write.1u.tlog
